0 info it worked if it ends with ok
1 verbose cli [ 'C:\\Program Files\\nodejs\\node.exe',
1 verbose cli   'C:\\Program Files\\nodejs\\node_modules\\npm\\bin\\npm-cli.js',
1 verbose cli   'run',
1 verbose cli   'test:server' ]
2 info using npm@4.0.5
3 info using node@v7.4.0
4 verbose run-script [ 'pretest:server', 'test:server', 'posttest:server' ]
5 info lifecycle js_lab_session_2@1.0.0~pretest:server: js_lab_session_2@1.0.0
6 silly lifecycle js_lab_session_2@1.0.0~pretest:server: no script for pretest:server, continuing
7 info lifecycle js_lab_session_2@1.0.0~test:server: js_lab_session_2@1.0.0
8 verbose lifecycle js_lab_session_2@1.0.0~test:server: unsafe-perm in lifecycle true
9 verbose lifecycle js_lab_session_2@1.0.0~test:server: PATH: C:\Program Files\nodejs\node_modules\npm\bin\node-gyp-bin;C:\Users\Student\Desktop\Lab Session 2\the-needy-user-lab-session\node_modules\.bin;C:\Users\Student\bin;C:\Program Files\Git\mingw64\bin;C:\Program Files\Git\usr\local\bin;C:\Program Files\Git\usr\bin;C:\Program Files\Git\usr\bin;C:\Program Files\Git\mingw64\bin;C:\Program Files\Git\usr\bin;C:\Users\Student\bin;C:\ProgramData\Oracle\Java\javapath;C:\Windows\system32;C:\Windows;C:\Windows\System32\Wbem;C:\Windows\System32\WindowsPowerShell\v1.0;C:\Program Files\Git\cmd;C:\Program Files\Microsoft SQL Server\120\Tools\Binn;C:\Program Files\Microsoft SQL Server\130\Tools\Binn;C:\Program Files\Microsoft\Web Platform Installer;C:\Program Files\dotnet;C:\Program Files (x86)\Microsoft SQL Server\110\DTS\Binn;C:\Program Files (x86)\Microsoft SQL Server\120\DTS\Binn;C:\Program Files (x86)\Microsoft SQL Server\130\DTS\Binn;C:\Program Files\nodejs;C:\cos397b\maven\bin;C:\Users\Administrator\AppData\Local\atom\bin;C:\Program Files (x86)\Microsoft VS Code\bin;C:\Program Files\Docker Toolbox;C:\Users\Student\AppData\Local\atom\bin;C:\Program Files\Git\usr\bin\vendor_perl;C:\Program Files\Git\usr\bin\core_perl
10 verbose lifecycle js_lab_session_2@1.0.0~test:server: CWD: C:\Users\Student\Desktop\Lab Session 2\the-needy-user-lab-session
11 silly lifecycle js_lab_session_2@1.0.0~test:server: Args: [ '/d /s /c', 'mocha test/server.js --slow 1000' ]
12 silly lifecycle js_lab_session_2@1.0.0~test:server: Returned: code: 1  signal: null
13 info lifecycle js_lab_session_2@1.0.0~test:server: Failed to exec test:server script
14 verbose stack Error: js_lab_session_2@1.0.0 test:server: `mocha test/server.js --slow 1000`
14 verbose stack Exit status 1
14 verbose stack     at EventEmitter.<anonymous> (C:\Program Files\nodejs\node_modules\npm\lib\utils\lifecycle.js:279:16)
14 verbose stack     at emitTwo (events.js:106:13)
14 verbose stack     at EventEmitter.emit (events.js:191:7)
14 verbose stack     at ChildProcess.<anonymous> (C:\Program Files\nodejs\node_modules\npm\lib\utils\spawn.js:40:14)
14 verbose stack     at emitTwo (events.js:106:13)
14 verbose stack     at ChildProcess.emit (events.js:191:7)
14 verbose stack     at maybeClose (internal/child_process.js:885:16)
14 verbose stack     at Process.ChildProcess._handle.onexit (internal/child_process.js:226:5)
15 verbose pkgid js_lab_session_2@1.0.0
16 verbose cwd C:\Users\Student\Desktop\Lab Session 2\the-needy-user-lab-session
17 error Windows_NT 6.1.7601
18 error argv "C:\\Program Files\\nodejs\\node.exe" "C:\\Program Files\\nodejs\\node_modules\\npm\\bin\\npm-cli.js" "run" "test:server"
19 error node v7.4.0
20 error npm  v4.0.5
21 error code ELIFECYCLE
22 error js_lab_session_2@1.0.0 test:server: `mocha test/server.js --slow 1000`
22 error Exit status 1
23 error Failed at the js_lab_session_2@1.0.0 test:server script 'mocha test/server.js --slow 1000'.
23 error Make sure you have the latest version of node.js and npm installed.
23 error If you do, this is most likely a problem with the js_lab_session_2 package,
23 error not with npm itself.
23 error Tell the author that this fails on your system:
23 error     mocha test/server.js --slow 1000
23 error You can get information on how to open an issue for this project with:
23 error     npm bugs js_lab_session_2
23 error Or if that isn't available, you can get their info via:
23 error     npm owner ls js_lab_session_2
23 error There is likely additional logging output above.
24 verbose exit [ 1, true ]
